2021-08-19 07:42:50.411 [Eureka-EvictionTimer] INFO  c.n.e.r.AbstractInstanceRegistry -Running the evict task with compensationTime 2ms
2021-08-19 07:43:50.414 [Eureka-EvictionTimer] INFO  c.n.e.r.AbstractInstanceRegistry -Running the evict task with compensationTime 1ms
2021-08-19 07:44:50.420 [Eureka-EvictionTimer] INFO  c.n.e.r.AbstractInstanceRegistry -Running the evict task with compensationTime 4ms
2021-08-19 07:45:50.422 [Eureka-EvictionTimer] INFO  c.n.e.r.AbstractInstanceRegistry -Running the evict task with compensationTime 0ms
2021-08-19 07:46:50.423 [Eureka-EvictionTimer] INFO  c.n.e.r.AbstractInstanceRegistry -Running the evict task with compensationTime 0ms
2021-08-19 07:47:50.427 [Eureka-EvictionTimer] INFO  c.n.e.r.AbstractInstanceRegistry -Running the evict task with compensationTime 2ms
2021-08-19 07:48:50.431 [Eureka-EvictionTimer] INFO  c.n.e.r.AbstractInstanceRegistry -Running the evict task with compensationTime 2ms
2021-08-19 08:00:27.504 [Eureka-EvictionTimer] INFO  c.n.e.r.AbstractInstanceRegistry -Running the evict task with compensationTime 1ms
2021-08-19 08:01:28.053 [Eureka-EvictionTimer] INFO  c.n.e.r.AbstractInstanceRegistry -Running the evict task with compensationTime 3ms
2021-08-19 08:02:28.058 [Eureka-EvictionTimer] INFO  c.n.e.r.AbstractInstanceRegistry -Running the evict task with compensationTime 3ms
2021-08-19 08:03:22.968 [ReplicaAwareInstanceRegistry - RenewalThresholdUpdater] INFO  c.n.e.r.PeerAwareInstanceRegistryImpl -Current renewal threshold is : 1
2021-08-19 08:03:28.062 [Eureka-EvictionTimer] INFO  c.n.e.r.AbstractInstanceRegistry -Running the evict task with compensationTime 2ms
2021-08-19 08:04:28.067 [Eureka-EvictionTimer] INFO  c.n.e.r.AbstractInstanceRegistry -Running the evict task with compensationTime 2ms
2021-08-19 08:05:28.073 [Eureka-EvictionTimer] INFO  c.n.e.r.AbstractInstanceRegistry -Running the evict task with compensationTime 5ms
2021-08-19 08:17:54.779 [Eureka-EvictionTimer] INFO  c.n.e.r.AbstractInstanceRegistry -Running the evict task with compensationTime 2ms
2021-08-19 20:45:16.901 [Eureka-EvictionTimer] INFO  c.n.e.r.AbstractInstanceRegistry -Running the evict task with compensationTime 6ms
2021-08-19 20:46:16.905 [Eureka-EvictionTimer] INFO  c.n.e.r.AbstractInstanceRegistry -Running the evict task with compensationTime 3ms
2021-08-19 20:47:16.906 [Eureka-EvictionTimer] INFO  c.n.e.r.AbstractInstanceRegistry -Running the evict task with compensationTime 0ms
2021-08-19 20:48:16.909 [Eureka-EvictionTimer] INFO  c.n.e.r.AbstractInstanceRegistry -Running the evict task with compensationTime 1ms
2021-08-19 20:49:16.911 [Eureka-EvictionTimer] INFO  c.n.e.r.AbstractInstanceRegistry -Running the evict task with compensationTime 0ms
2021-08-19 20:50:16.916 [Eureka-EvictionTimer] INFO  c.n.e.r.AbstractInstanceRegistry -Running the evict task with compensationTime 3ms
2021-08-19 20:51:16.918 [Eureka-EvictionTimer] INFO  c.n.e.r.AbstractInstanceRegistry -Running the evict task with compensationTime 1ms
2021-08-19 20:52:16.924 [Eureka-EvictionTimer] INFO  c.n.e.r.AbstractInstanceRegistry -Running the evict task with compensationTime 4ms
2021-08-19 20:53:16.929 [Eureka-EvictionTimer] INFO  c.n.e.r.AbstractInstanceRegistry -Running the evict task with compensationTime 4ms
2021-08-19 20:54:16.934 [Eureka-EvictionTimer] INFO  c.n.e.r.AbstractInstanceRegistry -Running the evict task with compensationTime 3ms
2021-08-19 20:55:16.940 [Eureka-EvictionTimer] INFO  c.n.e.r.AbstractInstanceRegistry -Running the evict task with compensationTime 4ms
2021-08-19 20:56:11.813 [ReplicaAwareInstanceRegistry - RenewalThresholdUpdater] INFO  c.n.e.r.PeerAwareInstanceRegistryImpl -Current renewal threshold is : 1
2021-08-19 20:56:16.942 [Eureka-EvictionTimer] INFO  c.n.e.r.AbstractInstanceRegistry -Running the evict task with compensationTime 1ms
2021-08-19 20:57:16.948 [Eureka-EvictionTimer] INFO  c.n.e.r.AbstractInstanceRegistry -Running the evict task with compensationTime 4ms
2021-08-19 20:58:16.955 [Eureka-EvictionTimer] INFO  c.n.e.r.AbstractInstanceRegistry -Running the evict task with compensationTime 5ms
2021-08-19 20:59:16.961 [Eureka-EvictionTimer] INFO  c.n.e.r.AbstractInstanceRegistry -Running the evict task with compensationTime 4ms
2021-08-19 21:00:16.961 [Eureka-EvictionTimer] INFO  c.n.e.r.AbstractInstanceRegistry -Running the evict task with compensationTime 2544ms
2021-08-19 21:01:16.963 [Eureka-EvictionTimer] INFO  c.n.e.r.AbstractInstanceRegistry -Running the evict task with compensationTime 2ms
2021-08-19 21:02:16.964 [Eureka-EvictionTimer] INFO  c.n.e.r.AbstractInstanceRegistry -Running the evict task with compensationTime 1ms
2021-08-19 21:03:16.967 [Eureka-EvictionTimer] INFO  c.n.e.r.AbstractInstanceRegistry -Running the evict task with compensationTime 3ms
2021-08-19 21:04:16.969 [Eureka-EvictionTimer] INFO  c.n.e.r.AbstractInstanceRegistry -Running the evict task with compensationTime 3ms
2021-08-19 21:05:16.970 [Eureka-EvictionTimer] INFO  c.n.e.r.AbstractInstanceRegistry -Running the evict task with compensationTime 1ms
2021-08-19 21:06:16.973 [Eureka-EvictionTimer] INFO  c.n.e.r.AbstractInstanceRegistry -Running the evict task with compensationTime 3ms
2021-08-19 21:07:16.974 [Eureka-EvictionTimer] INFO  c.n.e.r.AbstractInstanceRegistry -Running the evict task with compensationTime 1ms
2021-08-19 21:08:16.978 [Eureka-EvictionTimer] INFO  c.n.e.r.AbstractInstanceRegistry -Running the evict task with compensationTime 5ms
2021-08-19 21:09:16.982 [Eureka-EvictionTimer] INFO  c.n.e.r.AbstractInstanceRegistry -Running the evict task with compensationTime 4ms
2021-08-19 21:10:16.982 [Eureka-EvictionTimer] INFO  c.n.e.r.AbstractInstanceRegistry -Running the evict task with compensationTime 1ms
2021-08-19 21:11:11.808 [ReplicaAwareInstanceRegistry - RenewalThresholdUpdater] INFO  c.n.e.r.PeerAwareInstanceRegistryImpl -Current renewal threshold is : 1
2021-08-19 21:11:16.984 [Eureka-EvictionTimer] INFO  c.n.e.r.AbstractInstanceRegistry -Running the evict task with compensationTime 3ms
2021-08-19 21:12:16.987 [Eureka-EvictionTimer] INFO  c.n.e.r.AbstractInstanceRegistry -Running the evict task with compensationTime 3ms
2021-08-19 21:13:16.990 [Eureka-EvictionTimer] INFO  c.n.e.r.AbstractInstanceRegistry -Running the evict task with compensationTime 4ms
2021-08-19 21:14:16.992 [Eureka-EvictionTimer] INFO  c.n.e.r.AbstractInstanceRegistry -Running the evict task with compensationTime 2ms
2021-08-19 21:15:17.016 [Eureka-EvictionTimer] INFO  c.n.e.r.AbstractInstanceRegistry -Running the evict task with compensationTime 5ms
2021-08-19 21:16:17.027 [Eureka-EvictionTimer] INFO  c.n.e.r.AbstractInstanceRegistry -Running the evict task with compensationTime 0ms
2021-08-19 21:17:17.030 [Eureka-EvictionTimer] INFO  c.n.e.r.AbstractInstanceRegistry -Running the evict task with compensationTime 2ms
2021-08-19 21:18:17.034 [Eureka-EvictionTimer] INFO  c.n.e.r.AbstractInstanceRegistry -Running the evict task with compensationTime 4ms
2021-08-19 21:19:17.039 [Eureka-EvictionTimer] INFO  c.n.e.r.AbstractInstanceRegistry -Running the evict task with compensationTime 5ms
2021-08-19 21:20:17.040 [Eureka-EvictionTimer] INFO  c.n.e.r.AbstractInstanceRegistry -Running the evict task with compensationTime 1ms
2021-08-19 21:21:17.043 [Eureka-EvictionTimer] INFO  c.n.e.r.AbstractInstanceRegistry -Running the evict task with compensationTime 2ms
2021-08-19 21:22:17.047 [Eureka-EvictionTimer] INFO  c.n.e.r.AbstractInstanceRegistry -Running the evict task with compensationTime 4ms
2021-08-19 21:23:17.052 [Eureka-EvictionTimer] INFO  c.n.e.r.AbstractInstanceRegistry -Running the evict task with compensationTime 4ms
2021-08-19 21:24:17.056 [Eureka-EvictionTimer] INFO  c.n.e.r.AbstractInstanceRegistry -Running the evict task with compensationTime 4ms
2021-08-19 21:25:17.057 [Eureka-EvictionTimer] INFO  c.n.e.r.AbstractInstanceRegistry -Running the evict task with compensationTime 0ms
2021-08-19 21:26:11.840 [ReplicaAwareInstanceRegistry - RenewalThresholdUpdater] INFO  c.n.e.r.PeerAwareInstanceRegistryImpl -Current renewal threshold is : 1
2021-08-19 21:26:17.059 [Eureka-EvictionTimer] INFO  c.n.e.r.AbstractInstanceRegistry -Running the evict task with compensationTime 2ms
2021-08-19 21:27:17.063 [Eureka-EvictionTimer] INFO  c.n.e.r.AbstractInstanceRegistry -Running the evict task with compensationTime 3ms
2021-08-19 21:28:17.066 [Eureka-EvictionTimer] INFO  c.n.e.r.AbstractInstanceRegistry -Running the evict task with compensationTime 2ms
2021-08-19 21:29:17.069 [Eureka-EvictionTimer] INFO  c.n.e.r.AbstractInstanceRegistry -Running the evict task with compensationTime 3ms
2021-08-19 21:30:17.081 [Eureka-EvictionTimer] INFO  c.n.e.r.AbstractInstanceRegistry -Running the evict task with compensationTime 4ms
2021-08-19 21:31:17.103 [Eureka-EvictionTimer] INFO  c.n.e.r.AbstractInstanceRegistry -Running the evict task with compensationTime 1ms
2021-08-19 21:32:17.107 [Eureka-EvictionTimer] INFO  c.n.e.r.AbstractInstanceRegistry -Running the evict task with compensationTime 2ms
2021-08-19 21:33:17.112 [Eureka-EvictionTimer] INFO  c.n.e.r.AbstractInstanceRegistry -Running the evict task with compensationTime 3ms
2021-08-19 21:34:17.116 [Eureka-EvictionTimer] INFO  c.n.e.r.AbstractInstanceRegistry -Running the evict task with compensationTime 3ms
2021-08-19 21:35:17.122 [Eureka-EvictionTimer] INFO  c.n.e.r.AbstractInstanceRegistry -Running the evict task with compensationTime 5ms
2021-08-19 21:36:17.127 [Eureka-EvictionTimer] INFO  c.n.e.r.AbstractInstanceRegistry -Running the evict task with compensationTime 4ms
2021-08-19 21:37:17.133 [Eureka-EvictionTimer] INFO  c.n.e.r.AbstractInstanceRegistry -Running the evict task with compensationTime 5ms
2021-08-19 21:38:17.135 [Eureka-EvictionTimer] INFO  c.n.e.r.AbstractInstanceRegistry -Running the evict task with compensationTime 0ms
2021-08-19 21:39:17.141 [Eureka-EvictionTimer] INFO  c.n.e.r.AbstractInstanceRegistry -Running the evict task with compensationTime 5ms
2021-08-19 21:40:17.144 [Eureka-EvictionTimer] INFO  c.n.e.r.AbstractInstanceRegistry -Running the evict task with compensationTime 2ms
2021-08-19 21:41:11.879 [ReplicaAwareInstanceRegistry - RenewalThresholdUpdater] INFO  c.n.e.r.PeerAwareInstanceRegistryImpl -Current renewal threshold is : 1
2021-08-19 21:41:17.149 [Eureka-EvictionTimer] INFO  c.n.e.r.AbstractInstanceRegistry -Running the evict task with compensationTime 3ms
2021-08-19 21:42:17.152 [Eureka-EvictionTimer] INFO  c.n.e.r.AbstractInstanceRegistry -Running the evict task with compensationTime 2ms
2021-08-19 21:43:17.156 [Eureka-EvictionTimer] INFO  c.n.e.r.AbstractInstanceRegistry -Running the evict task with compensationTime 3ms
2021-08-19 21:44:17.160 [Eureka-EvictionTimer] INFO  c.n.e.r.AbstractInstanceRegistry -Running the evict task with compensationTime 2ms
2021-08-19 21:45:17.174 [Eureka-EvictionTimer] INFO  c.n.e.r.AbstractInstanceRegistry -Running the evict task with compensationTime 3ms
2021-08-19 21:46:17.200 [Eureka-EvictionTimer] INFO  c.n.e.r.AbstractInstanceRegistry -Running the evict task with compensationTime 3ms
2021-08-19 21:47:17.207 [Eureka-EvictionTimer] INFO  c.n.e.r.AbstractInstanceRegistry -Running the evict task with compensationTime 4ms
2021-08-19 21:48:17.211 [Eureka-EvictionTimer] INFO  c.n.e.r.AbstractInstanceRegistry -Running the evict task with compensationTime 2ms
2021-08-19 21:49:17.213 [Eureka-EvictionTimer] INFO  c.n.e.r.AbstractInstanceRegistry -Running the evict task with compensationTime 0ms
2021-08-19 21:50:17.215 [Eureka-EvictionTimer] INFO  c.n.e.r.AbstractInstanceRegistry -Running the evict task with compensationTime 0ms
2021-08-19 21:51:17.221 [Eureka-EvictionTimer] INFO  c.n.e.r.AbstractInstanceRegistry -Running the evict task with compensationTime 4ms
2021-08-19 21:52:17.227 [Eureka-EvictionTimer] INFO  c.n.e.r.AbstractInstanceRegistry -Running the evict task with compensationTime 4ms
2021-08-19 21:53:17.232 [Eureka-EvictionTimer] INFO  c.n.e.r.AbstractInstanceRegistry -Running the evict task with compensationTime 2ms
2021-08-19 21:54:17.233 [Eureka-EvictionTimer] INFO  c.n.e.r.AbstractInstanceRegistry -Running the evict task with compensationTime 0ms
2021-08-19 21:55:17.237 [Eureka-EvictionTimer] INFO  c.n.e.r.AbstractInstanceRegistry -Running the evict task with compensationTime 2ms
2021-08-19 21:56:11.935 [ReplicaAwareInstanceRegistry - RenewalThresholdUpdater] INFO  c.n.e.r.PeerAwareInstanceRegistryImpl -Current renewal threshold is : 1
2021-08-19 21:56:17.241 [Eureka-EvictionTimer] INFO  c.n.e.r.AbstractInstanceRegistry -Running the evict task with compensationTime 1ms
2021-08-19 21:57:17.246 [Eureka-EvictionTimer] INFO  c.n.e.r.AbstractInstanceRegistry -Running the evict task with compensationTime 3ms
2021-08-19 21:58:17.251 [Eureka-EvictionTimer] INFO  c.n.e.r.AbstractInstanceRegistry -Running the evict task with compensationTime 3ms
2021-08-19 21:59:17.256 [Eureka-EvictionTimer] INFO  c.n.e.r.AbstractInstanceRegistry -Running the evict task with compensationTime 2ms
2021-08-19 22:00:17.259 [Eureka-EvictionTimer] INFO  c.n.e.r.AbstractInstanceRegistry -Running the evict task with compensationTime 1ms
2021-08-19 22:01:17.266 [Eureka-EvictionTimer] INFO  c.n.e.r.AbstractInstanceRegistry -Running the evict task with compensationTime 4ms
2021-08-19 22:02:17.271 [Eureka-EvictionTimer] INFO  c.n.e.r.AbstractInstanceRegistry -Running the evict task with compensationTime 3ms
2021-08-19 22:03:17.281 [Eureka-EvictionTimer] INFO  c.n.e.r.AbstractInstanceRegistry -Running the evict task with compensationTime 4ms
2021-08-19 22:04:17.286 [Eureka-EvictionTimer] INFO  c.n.e.r.AbstractInstanceRegistry -Running the evict task with compensationTime 0ms
2021-08-19 22:05:17.292 [Eureka-EvictionTimer] INFO  c.n.e.r.AbstractInstanceRegistry -Running the evict task with compensationTime 3ms
2021-08-19 22:06:17.299 [Eureka-EvictionTimer] INFO  c.n.e.r.AbstractInstanceRegistry -Running the evict task with compensationTime 5ms
2021-08-19 22:07:17.304 [Eureka-EvictionTimer] INFO  c.n.e.r.AbstractInstanceRegistry -Running the evict task with compensationTime 3ms
2021-08-19 22:08:17.308 [Eureka-EvictionTimer] INFO  c.n.e.r.AbstractInstanceRegistry -Running the evict task with compensationTime 2ms
2021-08-19 22:09:17.311 [Eureka-EvictionTimer] INFO  c.n.e.r.AbstractInstanceRegistry -Running the evict task with compensationTime 0ms
2021-08-19 22:10:17.313 [Eureka-EvictionTimer] INFO  c.n.e.r.AbstractInstanceRegistry -Running the evict task with compensationTime 0ms
2021-08-19 22:11:11.972 [ReplicaAwareInstanceRegistry - RenewalThresholdUpdater] INFO  c.n.e.r.PeerAwareInstanceRegistryImpl -Current renewal threshold is : 1
2021-08-19 22:11:17.318 [Eureka-EvictionTimer] INFO  c.n.e.r.AbstractInstanceRegistry -Running the evict task with compensationTime 3ms
2021-08-19 22:12:17.323 [Eureka-EvictionTimer] INFO  c.n.e.r.AbstractInstanceRegistry -Running the evict task with compensationTime 3ms
2021-08-19 22:13:17.328 [Eureka-EvictionTimer] INFO  c.n.e.r.AbstractInstanceRegistry -Running the evict task with compensationTime 2ms
2021-08-19 22:14:17.333 [Eureka-EvictionTimer] INFO  c.n.e.r.AbstractInstanceRegistry -Running the evict task with compensationTime 3ms
2021-08-19 22:15:17.337 [Eureka-EvictionTimer] INFO  c.n.e.r.AbstractInstanceRegistry -Running the evict task with compensationTime 2ms
2021-08-19 22:16:17.342 [Eureka-EvictionTimer] INFO  c.n.e.r.AbstractInstanceRegistry -Running the evict task with compensationTime 3ms
2021-08-19 22:17:17.347 [Eureka-EvictionTimer] INFO  c.n.e.r.AbstractInstanceRegistry -Running the evict task with compensationTime 3ms
2021-08-19 22:18:17.351 [Eureka-EvictionTimer] INFO  c.n.e.r.AbstractInstanceRegistry -Running the evict task with compensationTime 2ms
2021-08-19 22:19:17.374 [Eureka-EvictionTimer] INFO  c.n.e.r.AbstractInstanceRegistry -Running the evict task with compensationTime 3ms
2021-08-19 22:20:17.377 [Eureka-EvictionTimer] INFO  c.n.e.r.AbstractInstanceRegistry -Running the evict task with compensationTime 0ms
2021-08-19 22:21:17.379 [Eureka-EvictionTimer] INFO  c.n.e.r.AbstractInstanceRegistry -Running the evict task with compensationTime 0ms
2021-08-19 22:22:17.382 [Eureka-EvictionTimer] INFO  c.n.e.r.AbstractInstanceRegistry -Running the evict task with compensationTime 1ms
2021-08-19 22:23:17.385 [Eureka-EvictionTimer] INFO  c.n.e.r.AbstractInstanceRegistry -Running the evict task with compensationTime 1ms
2021-08-19 22:24:17.391 [Eureka-EvictionTimer] INFO  c.n.e.r.AbstractInstanceRegistry -Running the evict task with compensationTime 4ms
2021-08-19 22:25:17.396 [Eureka-EvictionTimer] INFO  c.n.e.r.AbstractInstanceRegistry -Running the evict task with compensationTime 2ms
2021-08-19 22:26:12.018 [ReplicaAwareInstanceRegistry - RenewalThresholdUpdater] INFO  c.n.e.r.PeerAwareInstanceRegistryImpl -Current renewal threshold is : 1
2021-08-19 22:26:17.399 [Eureka-EvictionTimer] INFO  c.n.e.r.AbstractInstanceRegistry -Running the evict task with compensationTime 1ms
2021-08-19 22:27:17.402 [Eureka-EvictionTimer] INFO  c.n.e.r.AbstractInstanceRegistry -Running the evict task with compensationTime 1ms
2021-08-19 22:28:17.408 [Eureka-EvictionTimer] INFO  c.n.e.r.AbstractInstanceRegistry -Running the evict task with compensationTime 4ms
2021-08-19 22:29:17.414 [Eureka-EvictionTimer] INFO  c.n.e.r.AbstractInstanceRegistry -Running the evict task with compensationTime 4ms
2021-08-19 22:30:17.418 [Eureka-EvictionTimer] INFO  c.n.e.r.AbstractInstanceRegistry -Running the evict task with compensationTime 2ms
2021-08-19 22:30:52.185 [Thread-32] INFO  o.s.b.c.e.AnnotationConfigEmbeddedWebApplicationContext -Closing org.springframework.boot.context.embedded.AnnotationConfigEmbeddedWebApplicationContext@2dcd168a: startup date [Mon Aug 16 21:28:04 CST 2021]; parent: org.springframework.context.annotation.AnnotationConfigApplicationContext@1a482e36
2021-08-19 22:30:52.249 [Thread-32] INFO  o.s.c.n.e.EurekaDiscoveryClientConfiguration -Unregistering application eureka-server with eureka with status DOWN
2021-08-19 22:30:52.267 [Thread-32] INFO  c.netflix.discovery.DiscoveryClient -Shutting down DiscoveryClient ...
2021-08-19 22:30:52.268 [Thread-32] INFO  c.netflix.discovery.DiscoveryClient -Completed shut down of DiscoveryClient
2021-08-19 22:30:52.335 [Thread-32] INFO  o.s.c.s.DefaultLifecycleProcessor -Stopping beans in phase 0
2021-08-19 22:30:52.426 [Thread-32] INFO  o.s.b.a.e.jmx.EndpointMBeanExporter -Unregistering JMX-exposed beans on shutdown
2021-08-19 22:30:52.428 [Thread-32] INFO  o.s.b.a.e.jmx.EndpointMBeanExporter -Unregistering JMX-exposed beans
2021-08-19 22:30:52.431 [Thread-32] INFO  o.s.j.e.a.AnnotationMBeanExporter -Unregistering JMX-exposed beans on shutdown
2021-08-19 22:30:52.432 [Thread-32] INFO  o.s.j.e.a.AnnotationMBeanExporter -Unregistering JMX-exposed beans
2021-08-19 22:30:52.434 [Thread-32] INFO  c.n.e.DefaultEurekaServerContext -Shutting down ...
2021-08-19 22:30:52.490 [Thread-32] INFO  c.n.e.DefaultEurekaServerContext -Shut down
